{
  "RSpec": {
    "coverage": {
      "/Users/katherineanderson/Desktop/Team_Ken/app/helpers/application_helper.rb": [
        1,
        null
      ],
      "/Users/katherineanderson/Desktop/Team_Ken/app/helpers/client_helper.rb": [
        1,
        1,
        14,
        null,
        null
      ],
      "/Users/katherineanderson/Desktop/Team_Ken/app/helpers/home_helper.rb": [
        1,
        null
      ],
      "/Users/katherineanderson/Desktop/Team_Ken/app/controllers/home_controller.rb": [
        1,
        null,
        1,
        null,
        1,
        1,
        null,
        null,
        1,
        0,
        null,
        null,
        1,
        0,
        0,
        null,
        null,
        1,
        0,
        null,
        null,
        1,
        0,
        0,
        null,
        null,
        1,
        0,
        0,
        null,
        null,
        null,
        null
      ],
      "/Users/katherineanderson/Desktop/Team_Ken/app/controllers/application_controller.rb": [
        1,
        null,
        null,
        1,
        null
      ],
      "/Users/katherineanderson/Desktop/Team_Ken/app/models/interest.rb": [
        null,
        1,
        1,
        1,
        null,
        1,
        1,
        null,
        1,
        38,
        38,
        null,
        null,
        1,
        40,
        40,
        10,
        null,
        30,
        null,
        null,
        null,
        1,
        32,
        26,
        26,
        26,
        null,
        32,
        null,
        null,
        1,
        30,
        30,
        null,
        null,
        1,
        32,
        32,
        26,
        null,
        32,
        null,
        null,
        1,
        2,
        2,
        1,
        null,
        1,
        1,
        null,
        null,
        null,
        1,
        27,
        27,
        27,
        27,
        null,
        null,
        1,
        16,
        16,
        16,
        null,
        null,
        null,
        null,
        null,
        1,
        1,
        1,
        1,
        1,
        1,
        3,
        1,
        null,
        1,
        null,
        null,
        null,
        null,
        null,
        1,
        3,
        3,
        3,
        null,
        3,
        3,
        15,
        3,
        null,
        3,
        null,
        null,
        null,
        null,
        null,
        1,
        12,
        12,
        28,
        4,
        4,
        null,
        null,
        null,
        null,
        null,
        1,
        2,
        2,
        4,
        2,
        2,
        2,
        2,
        2,
        2,
        null,
        null,
        2,
        null,
        4,
        null,
        null,
        null,
        null,
        null,
        null,
        null,
        null,
        null,
        null,
        1,
        null,
        0,
        null,
        null,
        1,
        0,
        0,
        0,
        0,
        null,
        0,
        null,
        null,
        null,
        null,
        1,
        0,
        0,
        0,
        0,
        null,
        null,
        null,
        1,
        0,
        null,
        null,
        0,
        null,
        null,
        null,
        0,
        0,
        null,
        null,
        null,
        null,
        null,
        null,
        null,
        null,
        null,
        null,
        null,
        null,
        null,
        null,
        null,
        null,
        null,
        1,
        1,
        1,
        1,
        1,
        1,
        2,
        1,
        1,
        1,
        null,
        1,
        null,
        1,
        null,
        null,
        null,
        null,
        null,
        null,
        null,
        null,
        null,
        null,
        null,
        null,
        null,
        null,
        null,
        null,
        null,
        null,
        null,
        1,
        3,
        null,
        3,
        null,
        1,
        null,
        null,
        1,
        2,
        4,
        7,
        null,
        null,
        null,
        2,
        null,
        null,
        1,
        2,
        3,
        1,
        2,
        4,
        11,
        null,
        null,
        null,
        null,
        null,
        1,
        1,
        1,
        1,
        2,
        2,
        null,
        0,
        null,
        null,
        1,
        1,
        null,
        0,
        null,
        1,
        null,
        1,
        null,
        null,
        null,
        null,
        null,
        null,
        null,
        null,
        null
      ],
      "/Users/katherineanderson/Desktop/Team_Ken/app/models/person.rb": [
        1,
        1,
        1,
        null,
        1,
        18,
        null,
        null,
        1,
        14,
        14,
        14,
        null,
        14,
        null,
        null,
        1,
        10,
        10,
        null,
        null,
        1,
        14,
        14,
        14,
        null,
        14,
        null,
        null,
        1,
        2,
        2,
        1,
        1,
        null,
        null,
        null,
        1,
        2,
        2,
        2,
        2,
        null,
        null,
        1,
        22,
        22,
        4,
        null,
        18,
        null,
        null,
        null
      ]
    },
    "timestamp": 1397695824
  }
}
